# JRE version: Java(TM) SE Runtime Environment (17.0.8+9) (build 17.0.8+9-LTS-211)
# Java VM: Java HotSpot(TM) 64-Bit Server VM (17.0.8+9-LTS-211, mixed mode, sharing, tiered, compressed oops, compressed class ptrs, g1 gc, bsd-aarch64)
Heap:
 garbage-first heap   total 122880K, used 52733K [0x0000000780000000, 0x0000000800000000)
  region size 1024K, 11 young (11264K), 3 survivors (3072K)
 Metaspace       used 29490K, committed 29824K, reserved 1114112K
  class space    used 4122K, committed 4288K, reserved 1048576K
GC Heap History (20 events):
Event: 5.677 GC heap before
{Heap before GC invocations=0 (full 0):
 garbage-first heap   total 133120K, used 23520K [0x0000000780000000, 0x0000000800000000)
  region size 1024K, 23 young (23552K), 0 survivors (0K)
 Metaspace       used 5926K, committed 6080K, reserved 1114112K
  class space    used 691K, committed 768K, reserved 1048576K
}
Event: 5.679 GC heap after
{Heap after GC invocations=1 (full 0):
 garbage-first heap   total 133120K, used 8267K [0x0000000780000000, 0x0000000800000000)
  region size 1024K, 3 young (3072K), 3 survivors (3072K)
 Metaspace       used 5926K, committed 6080K, reserved 1114112K
  class space    used 691K, committed 768K, reserved 1048576K
}
Event: 6.953 GC heap before
{Heap before GC invocations=1 (full 0):
 garbage-first heap   total 133120K, used 68683K [0x0000000780000000, 0x0000000800000000)
  region size 1024K, 36 young (36864K), 3 survivors (3072K)
 Metaspace       used 18219K, committed 18560K, reserved 1114112K
  class space    used 2382K, committed 2560K, reserved 1048576K
}
Event: 6.957 GC heap after
{Heap after GC invocations=2 (full 0):
 garbage-first heap   total 133120K, used 39693K [0x0000000780000000, 0x0000000800000000)
  region size 1024K, 5 young (5120K), 5 survivors (5120K)
 Metaspace       used 18219K, committed 18560K, reserved 1114112K
  class space    used 2382K, committed 2560K, reserved 1048576K
}
Event: 41.187 GC heap before
{Heap before GC invocations=2 (full 0):
 garbage-first heap   total 133120K, used 58125K [0x0000000780000000, 0x0000000800000000)
  region size 1024K, 22 young (22528K), 5 survivors (5120K)
 Metaspace       used 21268K, committed 21504K, reserved 1114112K
  class space    used 2802K, committed 2944K, reserved 1048576K
}
Event: 41.191 GC heap after
{Heap after GC invocations=3 (full 0):
 garbage-first heap   total 133120K, used 43123K [0x0000000780000000, 0x0000000800000000)
  region size 1024K, 2 young (2048K), 2 survivors (2048K)
 Metaspace       used 21268K, committed 21504K, reserved 1114112K
  class space    used 2802K, committed 2944K, reserved 1048576K
}
Event: 44.183 GC heap before
{Heap before GC invocations=4 (full 0):
 garbage-first heap   total 133120K, used 93299K [0x0000000780000000, 0x0000000800000000)
  region size 1024K, 36 young (36864K), 2 survivors (2048K)
 Metaspace       used 25764K, committed 26048K, reserved 1114112K
  class space    used 3709K, committed 3840K, reserved 1048576K
}
Event: 44.187 GC heap after
{Heap after GC invocations=5 (full 0):
 garbage-first heap   total 133120K, used 50756K [0x0000000780000000, 0x0000000800000000)
  region size 1024K, 7 young (7168K), 7 survivors (7168K)
 Metaspace       used 25764K, committed 26048K, reserved 1114112K
  class space    used 3709K, committed 3840K, reserved 1048576K
}
Event: 46.634 GC heap before
{Heap before GC invocations=5 (full 0):
 garbage-first heap   total 133120K, used 55876K [0x0000000780000000, 0x0000000800000000)
  region size 1024K, 10 young (10240K), 7 survivors (7168K)
 Metaspace       used 26049K, committed 26432K, reserved 1114112K
  class space    used 3730K, committed 3904K, reserved 1048576K
}
Event: 46.639 GC heap after
{Heap after GC invocations=6 (full 0):
 garbage-first heap   total 133120K, used 54871K [0x0000000780000000, 0x0000000800000000)
  region size 1024K, 1 young (1024K), 1 survivors (1024K)
 Metaspace       used 26049K, committed 26432K, reserved 1114112K
  class space    used 3730K, committed 3904K, reserved 1048576K
}
Event: 48.628 GC heap before
{Heap before GC invocations=6 (full 0):
 garbage-first heap   total 133120K, used 90711K [0x0000000780000000, 0x0000000800000000)
  region size 1024K, 11 young (11264K), 1 survivors (1024K)
 Metaspace       used 26944K, committed 27328K, reserved 1114112K
  class space    used 3890K, committed 4096K, reserved 1048576K
}
Event: 48.630 GC heap after
{Heap after GC invocations=7 (full 0):
 garbage-first heap   total 133120K, used 55771K [0x0000000780000000, 0x0000000800000000)
  region size 1024K, 2 young (2048K), 2 survivors (2048K)
 Metaspace       used 26944K, committed 27328K, reserved 1114112K
  class space    used 3890K, committed 4096K, reserved 1048576K
}
Event: 48.632 GC heap before
{Heap before GC invocations=7 (full 0):
 garbage-first heap   total 133120K, used 60891K [0x0000000780000000, 0x0000000800000000)
  region size 1024K, 3 young (3072K), 2 survivors (2048K)
 Metaspace       used 26944K, committed 27328K, reserved 1114112K
  class space    used 3890K, committed 4096K, reserved 1048576K
}
Event: 48.634 GC heap after
{Heap after GC invocations=8 (full 0):
 garbage-first heap   total 133120K, used 60937K [0x0000000780000000, 0x0000000800000000)
  region size 1024K, 2 young (2048K), 2 survivors (2048K)
 Metaspace       used 26944K, committed 27328K, reserved 1114112K
  class space    used 3890K, committed 4096K, reserved 1048576K
}
Event: 80.057 GC heap before
{Heap before GC invocations=9 (full 0):
 garbage-first heap   total 122880K, used 61961K [0x0000000780000000, 0x0000000800000000)
  region size 1024K, 31 young (31744K), 2 survivors (2048K)
 Metaspace       used 28095K, committed 28544K, reserved 1114112K
  class space    used 4001K, committed 4224K, reserved 1048576K
}
Event: 80.063 GC heap after
{Heap after GC invocations=10 (full 0):
 garbage-first heap   total 122880K, used 37621K [0x0000000780000000, 0x0000000800000000)
  region size 1024K, 6 young (6144K), 6 survivors (6144K)
 Metaspace       used 28095K, committed 28544K, reserved 1114112K
  class space    used 4001K, committed 4224K, reserved 1048576K
}
Event: 98.408 GC heap before
{Heap before GC invocations=10 (full 0):
 garbage-first heap   total 122880K, used 92917K [0x0000000780000000, 0x0000000800000000)
  region size 1024K, 35 young (35840K), 6 survivors (6144K)
 Metaspace       used 28435K, committed 28864K, reserved 1114112K
  class space    used 4007K, committed 4224K, reserved 1048576K
}
Event: 98.417 GC heap after
{Heap after GC invocations=11 (full 0):
 garbage-first heap   total 122880K, used 43442K [0x0000000780000000, 0x0000000800000000)
  region size 1024K, 6 young (6144K), 6 survivors (6144K)
 Metaspace       used 28435K, committed 28864K, reserved 1114112K
  class space    used 4007K, committed 4224K, reserved 1048576K
}
Event: 143.563 GC heap before
{Heap before GC invocations=11 (full 0):
 garbage-first heap   total 122880K, used 105906K [0x0000000780000000, 0x0000000800000000)
  region size 1024K, 42 young (43008K), 6 survivors (6144K)
 Metaspace       used 29427K, committed 29760K, reserved 1114112K
  class space    used 4115K, committed 4288K, reserved 1048576K
}
Event: 143.569 GC heap after
{Heap after GC invocations=12 (full 0):
 garbage-first heap   total 122880K, used 45565K [0x0000000780000000, 0x0000000800000000)
  region size 1024K, 3 young (3072K), 3 survivors (3072K)
 Metaspace       used 29427K, committed 29760K, reserved 1114112K
  class space    used 4115K, committed 4288K, reserved 1048576K
}

